Case #1: YUHOMZNSLWGRIVAJFEBKDQPCTX
Case #2: IMPOSSIBLE
Case #3: YUHOMZNSLWGRIVAJFEBKDQPCTX
Case #4: YUHOMZNSLWGRIVAJFEBKDQPCTX
Case #5: IMPOSSIBLE
Case #6: YUHOZMNSLWGRIVAJFEBKDPQCTX
Case #7: YUHOMZNSLWGRIVAJFEBKDQPCTX
Case #8: YUHOMZNSLWGRIVAJFEBKDQPCTX
Case #9: YUHOMZNSLWGRIVAJFEBKDQPCTX
Case #10: YUHOMZNSLWGRIVAJFEBKDQPCTX
Case #11: YUHOMZNSLWGRIVAJFEBKDQPCTX
Case #12: YUHOMZNSLWGRIVAJFEBKDQPCTX
Case #13: YUHOMZNSLWGRIVAFJEBKDQPCTX
Case #14: YUHOMZNSLWGRIVAJFEBKDQPCTX
Case #15: YUHOMZNSLWGRIVAJFEBKDQPCTX
Case #16: YUHOMZNSLWGRIVAJFEBKDQPCTX
Case #17: YUHOMZNSLWGRIAVJFEBKDQPCTX
Case #18: YUHOMZNSLWGRIVAJFEBKDQPCTX
Case #19: YUHOMZNSLWGRIVAJFEBKDQPCTX
Case #20: YUHOMZNSLWGRIVAJFEBKDQPCTX
Case #21: YUHOMZNSLWGRIVAJFEBKDQPCTX
Case #22: YUHOMZNSLWGRIVAJFEBKDQPCTX
Case #23: YUHOMZNSLWGRIVAJFEBKDQPCTX
Case #24: YUHOMZNSLWGRIVAJFEBKDQPCTX
Case #25: YUHOMZNSLWGRIVAJFEBKDQPCTX
Case #26: YUHOMZNSLWGRIVAFJEBKDQPCTX
Case #27: YUHOMZNSLWGRIVAJFEBKDQPCTX
Case #28: YUHOMZNSLWGRIVAJFEBKDQPCTX
Case #29: YUHOMZNSLWGRIVAJFEBKDQPCTX
Case #30: YUHOMZNSLWGRIVAJFEBKDQPCTX
Case #31: YUHOMZNSLWGRIVAJFEBKDQPCTX
Case #32: YUHOMZNSLWGRIVAJFEBKDQPCTX
Case #33: YUHOMZNSLWGRIVAJFEBKDQPCTX
Case #34: YUHOMZNSLWGRIVAJFEBKDQPCTX
Case #35: YUHOMZNSLWGRIVAJFEBKDQPCTX
Case #36: YUHOMZNSLWGRIVAJFEBKDQPCTX
Case #37: YUHOMZNSLWGRIVAJFEBKDQPCTX
Case #38: YUHOMZNSLWGRIVAJFEBKDQPCTX
Case #39: YUHOMZNSLWGRIVAJFEBKDQPCTX
Case #40: YUHOMZNSLWGRIVAJFEBKDQPCTX
Case #41: YUHOMZNSLWGRIVAJFEBKDQPCTX
Case #42: YUHOMZNSLWGRIVAJFEBKDQCPTX
Case #43: YUHOMZNSLWGRIVAJFEBKDQPCTX
Case #44: YUHOMZNSLWGRIVAJFEBKDQPCTX
Case #45: YUHOMZNSLWGRIVAJFEBKDQPCTX
Case #46: YUHOMZNSLWGRIVAJFEBKDQPCTX
Case #47: YUHOMZNSLWGRIVAJFEBKDQPCTX
Case #48: YUHOMZNSLWGRIVAJFEKBDQPCTX
Case #49: YUHOMZNSLWGRIVAJFEBKDQPCTX
Case #50: YUHOMZNSLWGRIVAJFEBKDQPCTX
Case #51: YUHOMZNSLWGRIVAJFEBKDQPCTX
Case #52: YUHOMZNSLWGRIVAJFEBKDQPCTX
Case #53: YUHOMZNSLWGRIVAJFEBKDQPCTX
Case #54: YUHOMZNSLWGRIVAJFEBKDQPCTX
Case #55: YUHOMZNSLWGRIVAJFEBKDQPCTX
Case #56: YUHOMZNSLWGRIVAJFEBKDQPCTX
Case #57: YUHOMZNSLWGRIVAJFEBKDQPCTX
Case #58: YUHOMZNSLWGRIVAJFEBKDQPCTX
Case #59: YUHOMZNSLWGRIVAJFEBKDQPCTX
Case #60: YUHOMZNSLWGRIVAJFEBKDQPTCX
Case #61: YUHOMZNSLWGRIVAJFEBKDQPCTX
Case #62: YUHOMZNSLWGRIVAJFEBKDQPCTX
Case #63: YUHOMZNSLWGRIVAJFEBKDQPCTX
Case #64: YUHMOZNSLWGRIVAJFEBKDQPCTX
Case #65: YUHOMZNSLWGRIVAJFEBKQDPCTX
Case #66: YUHOMZNSLWGRIVAJFEBKDQPCTX
Case #67: YUHOMZNSWLGRIVAJFEBKDQPCTX
Case #68: YUHOMZNSLWGRIVAJFEBKDQPCTX
Case #69: YUHOMZNSLWGRIVAJFEBKDQPCTX
Case #70: YUHOMZNSLWGRIVAJFEBKDQPCTX
Case #71: YUHOMZNSLWGRIVAJFEBKDQPCTX
Case #72: YUHOMZNSLWGRIVAJFEBKDQPCTX
Case #73: YUHOMZNSLWGRIVAJFEBKDQPCTX
Case #74: YUHOMZNSLWGRIVAJFEBKDQPCTX
Case #75: YHUOMZNSLWGRIVAJFEBKDQPCTX
Case #76: YUHOMZNSLWRGIVAJFEBKDQPCTX
Case #77: YUHOMZNSLWGRIVAJFEBKDQPCTX
Case #78: YUHOMZNSLWGRIVAJFBEKDQPCTX
Case #79: YUHOMZNSLWGRIVAJFEBKDQPCTX
Case #80: YUHOMZNSLWGRIVAJFEBKDQPCTX
Case #81: YUHOMZNLSWGRIVAJFEBKDQPCTX
Case #82: YUHOMZNSLWGRIVAJFEBKDQPCTX
Case #83: YUHOMZNSLWGRIVAJFEBKDQPCTX
Case #84: YUHOMZNSLWGRIVAJFEBKDQPCTX
Case #85: IMPOSSIBLE
Case #86: YUHOMZNSLWGRIVAJFEBKDQPCTX
Case #87: YUHOMZNSLWGRIVAJFEBKDQPCTX
Case #88: YUHOMZNSLWGRIVAJEFBKDQPCTX
Case #89: YHUOMZNSWLGRIVAJFEBKDQPCTX
Case #90: YUHOMZNSLWGRIVAJFEBKDQPCTX
Case #91: YUHOMZNSLWGRIVAJFEBKDQPCTX
Case #92: YUHOMZNSLWGRIVAJFEBKQDPCTX
Case #93: YUHOMZNSLWGRIVAJFEBKDQPCTX
Case #94: YUHOMZNSLWGRIVAJFEBKDQPCTX
Case #95: YUHOMZNSLWGRIVAJFEBKDQPCTX
Case #96: YUHOMZNSLWGRIVAJFEBKDQPCTX
Case #97: YUHOMZNSLWGRIVAJFEBKDQPCTX
Case #98: YUHOMZNSLWGRIVAJFEBKDQPCTX
Case #99: YUHOMZNSLWGRIVAJFEBKDQPCTX
Case #100: YUHOMZNSLWGRIVAJFEBKDQPCTX
