Case #1: IMPOSSIBLE
Case #2: IMPOSSIBLE
Case #3: IMPOSSIBLE
Case #4: IMPOSSIBLE
Case #5: IMPOSSIBLE
Case #6: IMPOSSIBLE
Case #7: IMPOSSIBLE
Case #8: IMPOSSIBLE
Case #9: WHJQKNGBUVMDFOATLPIZERSXY
Case #10: IMPOSSIBLE
Case #11: IMPOSSIBLE
Case #12: WHJQKNGBUVMDFOATLPIZERSXY
Case #13: IMPOSSIBLE
Case #14: IMPOSSIBLE
Case #15: IMPOSSIBLE
Case #16: IMPOSSIBLE
Case #17: IMPOSSIBLE
Case #18: WHJQKNGBUVCMFOATLPIERSXY
Case #19: IMPOSSIBLE
Case #20: IMPOSSIBLE
Case #21: WHJQKNGBUVCMDFATLPIZERSXY
Case #22: WHJQKNGBUVCMOATLPIZERSXY
Case #23: WHJQKNGBUVCMDFATLPIZERSXY
Case #24: IMPOSSIBLE
Case #25: IMPOSSIBLE
Case #26: IMPOSSIBLE
Case #27: IMPOSSIBLE
Case #28: IMPOSSIBLE
Case #29: IMPOSSIBLE
Case #30: WHJQKNGBUVCMDFOATLIZERSXY
Case #31: WHJQKNGBUVMDOATLPIZERSXY
Case #32: IMPOSSIBLE
Case #33: WHJQKNGBUVCMDFOATPIZERSXY
Case #34: W
Case #35: IMPOSSIBLE
Case #36: IMPOSSIBLE
Case #37: IMPOSSIBLE
Case #38: WHJQKGBUVCMDFOALPIZERSXY
Case #39: WHJQKNGBVCMDOATLPIZERSXY
Case #40: IMPOSSIBLE
Case #41: IMPOSSIBLE
Case #42: WDJNMQKSHOGRXATPCYFLIZBEUV
Case #43: IMPOSSIBLE
Case #44: IMPOSSIBLE
Case #45: IMPOSSIBLE
Case #46: IMPOSSIBLE
Case #47: IMPOSSIBLE
Case #48: WODMTLAFJICHYZXNPQKRGBEUVS
Case #49: IMPOSSIBLE
Case #50: IMPOSSIBLE
Case #51: WHJQKNGBUVCMDOATLPIZERSXY
Case #52: IMPOSSIBLE
Case #53: IMPOSSIBLE
Case #54: IMPOSSIBLE
Case #55: IMPOSSIBLE
Case #56: WHJQKNGBUVCMDFOATLPIZERSY
Case #57: IMPOSSIBLE
Case #58: IMPOSSIBLE
Case #59: IMPOSSIBLE
Case #60: WHJQKNGBUVCMDFOTPIZERSXY
Case #61: WHJQKNGBUVCMDFOALPIZESXY
Case #62: IMPOSSIBLE
Case #63: WHJQKNGBUVCMDFOATPIZERSXY
Case #64: IMPOSSIBLE
Case #65: WJQKNGBUVCMDFOATLPIZERSXY
Case #66: WHJQKNBUVCMDFOATLPIZERSX
Case #67: WQDMHPFVCJKLUTGIZESONBARYX
Case #68: WJQKNGBUVCMDFATLPIZERSXY
Case #69: IMPOSSIBLE
Case #70: IMPOSSIBLE
Case #71: IMPOSSIBLE
Case #72: IMPOSSIBLE
Case #73: WHJQKNGBUVCMDFOATLPIZERSX
Case #74: WHJCLQKNGBUVMDFOATPIZERSXY
Case #75: WHJQKGBUVCMDFOATLPIZERSXY
Case #76: IMPOSSIBLE
Case #77: IMPOSSIBLE
Case #78: IMPOSSIBLE
Case #79: IMPOSSIBLE
Case #80: IMPOSSIBLE
Case #81: WHJQKNGBUVCMDOATPIZERSXY
Case #82: IMPOSSIBLE
Case #83: IMPOSSIBLE
Case #84: IMPOSSIBLE
Case #85: IMPOSSIBLE
Case #86: IMPOSSIBLE
Case #87: IMPOSSIBLE
Case #88: WDMHLYAIKNGPBRFQOTZJEUVCSX
Case #89: WHXKMJRCNPVASGZBDFQOTLIEUY
Case #90: IMPOSSIBLE
Case #91: IMPOSSIBLE
Case #92: IMPOSSIBLE
Case #93: IMPOSSIBLE
Case #94: IMPOSSIBLE
Case #95: WHKBDJQNGUVCMFOATLPIZERSXY
Case #96: IMPOSSIBLE
Case #97: IMPOSSIBLE
Case #98: WHJQKNGBUVCMDFOATLPIZERSY
Case #99: IMPOSSIBLE
Case #100: WHJQKNGBUVCMDFOATLPZERSXY
