Case #1: EHFSCMBLZYQIGAUKOWDPJVTNXR
Case #2: IMPOSSIBLE
Case #3: EFHSCMBLZYQIGAUKOWDPJVTNXR
Case #4: EFHSCMBLZYQIGAUKOWDPJVTNXR
Case #5: EFHSCMBLZYQIGAUKOWDPJVTNXR
Case #6: EFHSCMBLZYQIGAUKOWDPJVTNXR
Case #7: EFHSCMBZLYQIAGUKOWDPJVTNXR
Case #8: EFHSCMBLZYQIGAUKOWDPJVTNXR
Case #9: EFHSCMBLZYQIGAUKOWDPJVTNXR
Case #10: EFHSCMBLZYQIGAUKOWDPJVTNXR
Case #11: EFHSCMBLZYQIGAUKOWDPJVTNXR
Case #12: EFHSCBMLZYQIGAUKOWDPJVTNXR
Case #13: EFHSCMBLZYQIGAUKOWDPJVTNXR
Case #14: EFHSCMBLZYQIGAUKOWDPJVTNXR
Case #15: EFHSCMBLZYQIGAUKOWDPJVTNXR
Case #16: EFHSCMBLZYQIGAUKOWDPJVTNXR
Case #17: EFHSCMBLZYQIGAUKOWDPJVTNXR
Case #18: EFHSCMBLZYQIGAUKOWDPJVTNXR
Case #19: EFHSCMBLZYQIGAUKOWDPJVTNXR
Case #20: EFHSCMBLZYQIGAUKOWDPJVTNXR
Case #21: EFHSCMBLZYQIGAUKOWDPJVTNXR
Case #22: EFHSCMBLZYQIGAUKOWDPJVTNXR
Case #23: EFHSCMBLZYQIGAUKOWDPJVTNXR
Case #24: EFHSCMBLZYQIGAUKOWDPJVTNXR
Case #25: EFHSCMBLZYQIGAUKOWDPJVTNXR
Case #26: EFHSCMBLZYQIGAUKOWDPJVTNXR
Case #27: EFHSCMBLZYQIGAUKOWDPJVTNXR
Case #28: EFHSCMBLZYQIGAUKOWDPJVTNXR
Case #29: EFHSCMBLZYQIGAUKOWDPJVTNXR
Case #30: EFHSCMBLZYQIGAUKOWDPJVTNXR
Case #31: EFHSCMBLZYQIGAUKOWDPJVTNXR
Case #32: EFHSCMBLZYQIGAUKOWDPJVTNXR
Case #33: EFHSCMBLZYQIGAUKOWDPJVTNXR
Case #34: EFHSCMBLZYQIGAUKOWDPJVTNXR
Case #35: EFHSCMBLZYQIGAUOKWDPJVTNXR
Case #36: EFHSCMBLZYQIGAUKOWDPJVTNXR
Case #37: EFHSCMBLZYQIGAUKOWDPJVTNXR
Case #38: EFHSCMBLZYQIGAUKOWDPJVTNXR
Case #39: EFHSCMBLZYQIGAUKOWDPJVTNXR
Case #40: EFHSCMBLZYQIGAUKOWDPJVTNXR
Case #41: EFHSCMBLZYQIGAUKOWDPJVTNXR
Case #42: EFSHCMBLZYQIGAUKOWDPJVTNXR
Case #43: EFHSCMBLZYQIGAUKOWDPJVTNXR
Case #44: EFHSCMBLZYQIGAUKOWDPJVTNXR
Case #45: EFHSCMBLZYQIGAUKOWDPJVTNXR
Case #46: EFHSCBMLZYQIGAUKOWDPJVTNXR
Case #47: EFHSCMBLZYQIGAUKOWDPJVTNXR
Case #48: EFHSCMBLZYQIGAUKOWDPJVTNXR
Case #49: EFHSCMBLZYQIGAUKOWDPJVTNXR
Case #50: EFHSCMBLZYQIGAUKOWDPJVTNXR
Case #51: EFHSCMBLZYQIGAUKOWDPJVTNXR
Case #52: EFHSCMBLZYQIGAUKOWDPJVTNXR
Case #53: EFHSCMBLZYQIGAUKOWDPJVTNXR
Case #54: EFHSCMBLZYQIGAUKOWDPJVTNXR
Case #55: EFHSCMBLZYQIGAUKOWDPJVTNXR
Case #56: EFHSCMBLZYQIGAUKOWDPJVTNXR
Case #57: EFHSCMBLZYQIGAUKOWDPJVTNXR
Case #58: EFHSCMBLZYQIGAUKOWDPJVTNXR
Case #59: EFHSCMBLZYQIGAUKOWDPJVTNXR
Case #60: EFHSCMBLZYQIGAUKOWDPJVTNXR
Case #61: EFHSCMBLZYQIGAUKOWDPJVTNXR
Case #62: EFHSCMBLZYQIGAUKOWDPJVTNXR
Case #63: EFHSCMBLZYQIGAUKOWDPJVTNXR
Case #64: EFHSCMBLZYQIGAUKOWDPJVTNXR
Case #65: EFHSCMBLZYQIGAUKOWDPJVTNXR
Case #66: EFHSCMBLZYQIGAUKOWDPJVTNXR
Case #67: EFHSCMBLZYQIGAUKOWDPJVTNXR
Case #68: EFHSCMBLZYQIGAUKOWDPJVTNXR
Case #69: EFHSCMBLZYQIGAUKOWDPJVTNXR
Case #70: EFHSCMBLZYQIGAUKOWDPJVTNXR
Case #71: EFHSCMBLZYQIGAUKOWDPJVTNXR
Case #72: EFHSCMBLZYQIGAUKOWDPJVTNXR
Case #73: EFHSCMBLZYQIGAUKOWDPJVTNXR
Case #74: EFHSCMBLZYQIGAKUOWDPJVTNXR
Case #75: EFHSCMBLZYQIGAUKOWDPJVTNXR
Case #76: EFHSCMBLZYQIGAUKOWDPJVTNXR
Case #77: EFHSCMBLZYQIGAUKOWDPJVTNXR
Case #78: EFHSCMBLZYQIGAUKOWDPJVTNXR
Case #79: EFHSCMBLZYQIGAUKOWDPJVTNXR
Case #80: EFHSCMBLZYQIGAUKOWDPJVTNXR
Case #81: EFHSCMBLZYQIGAUKOWDPJVTNXR
Case #82: EFHSCMBLZYQIGAUKOWDPJVTNXR
Case #83: EFHSCMBLZYQIGAUKOWDPJVTNXR
Case #84: EFHSCMBLZYQIGAUKOWDPJVTNXR
Case #85: EFHSCMBLZYQIGAUKOWDPJVTNXR
Case #86: EFHSCMBLZYQIGAUKOWDPJVTNXR
Case #87: EFHSCMBLZYQIGAUKOWDPJVTNXR
Case #88: EFHSCMBLZYQGIAUKOWDPJVTNXR
Case #89: EFHSCMBLYZQIGAUKOWDPJVTNXR
Case #90: EFHSCMBLZYQIGAUKOWDPJVTNXR
Case #91: EFHSCMBLZYQIGAUKOWDPJVTNXR
Case #92: EFHSCMBLZYQIGAUKOWDPJVTNXR
Case #93: EFHSCMBLZYQIGAUKOWDPJVTNXR
Case #94: EFHSCMBLZYQIGAUKOWDPJVTNXR
Case #95: EFHSCMBLZYQIGAUKOWDPJVTNXR
Case #96: EFHSCMBLZYQIGAUKOWDPJVTNXR
Case #97: EFHSCMBLZYQIGAUKOWDPJVTNXR
Case #98: EFHSCMBLZYQIGAUKOWDPJVTNXR
Case #99: EFHSCMBLZYQIGAUKOWDPJVTNXR
Case #100: EFHSCMBLZYQIGAUKOWDPJVTNXR
