Case #1: HKEWCBFZGSXOQYMVATNIUJPLRD
Case #2: IMPOSSIBLE
Case #3: HKEWCBFZGSXOQYMVATNIUJPLRD
Case #4: HKEWCBFZGSXOQYMVATNIUJPLRD
Case #5: IMPOSSIBLE
Case #6: HKEWCBFZGSXOQYMVATNIUJPLDR
Case #7: HKEWCBFZGSXOQYMVANTIJUPLRD
Case #8: HKEWCBFZGSXOQYMVATNIUJPLRD
Case #9: HKEWCBFZGSXOQYMVATNIUPJLRD
Case #10: HKEWCBFZGSXOQYMVATNIUJPLRD
Case #11: HKEWCBFZGSXOQYMVATNIUJPLRD
Case #12: HKEWCBFZGSXOQYMVATNIUJPLRD
Case #13: HKEWCBFZGSXOQYMVATNIUJPLDR
Case #14: HKEWCBFZGSXOQYMVATNIUJPLRD
Case #15: HKEWCBFZGSXOQYMVATNIUJPLRD
Case #16: HKEWCBFZGSXOQYMVATNIUJPLRD
Case #17: HKEWCBFZGSXOQYMVATNIUJPLRD
Case #18: HKEWCBFZGSXOQYMVATNIUJPLRD
Case #19: HKEWCBFZGSXOQYMVATNIUJPLRD
Case #20: HKEWCBFZGSXOQYMVATNIUJPLRD
Case #21: HKEWCBFZGSXOQYMVATNIUJPLRD
Case #22: HKEWCBFZGSXOQYMVATNIUJPLRD
Case #23: HKEWCBFZGSXOQYMVATNIUJPLRD
Case #24: HKEWCBFZGSXOQYMVATNIUJPLRD
Case #25: HKWECBFZGSXOQYMVATNIUJPLRD
Case #26: HKEWCBFZGSXOQYMVATNIUJPLRD
Case #27: HKEWCBFZGSXOQYMVATNIUJPLRD
Case #28: HKEWCBFZGSXOQYMVATNIUJPLRD
Case #29: HKEWCBFZGSXOQYMVATNIUJPLRD
Case #30: HKEWCBFZGSXOQYMVATNIUJPLRD
Case #31: HKEWCBFZGSXOQYMVATNIUJPLRD
Case #32: HKEWCBFZGSXOQYMVATNIUJPLRD
Case #33: HEKWCBFZGSXOQYMVATNIUJPLRD
Case #34: HKEWCBFZGSXOQYMVATNIUJPLRD
Case #35: HKEWCBFZGSXOQYMVATNIUJPLRD
Case #36: HKEWCBFZGSXOQYMVATNIUJPLRD
Case #37: HKEWCBFZGSXOQYMVATNIUJPLRD
Case #38: HKEWCBFZGSXOQYMVATNIUJPLRD
Case #39: HKEWCBFZGSXOQYMVATNIUJPLRD
Case #40: HKEWCBFZGSXOQYMVATNIUJPLRD
Case #41: HKEWCBFZGSXOQYMVATNIUJPLRD
Case #42: HKEWCBFZGSXOQYMVATNIUJPLRD
Case #43: HKEWCBFZGSXOQYMVATNIUJPLRD
Case #44: HKEWCBFZGSXOQYMVATNIUJPLRD
Case #45: HKEWCBFZGSXOQYMVATNIUJPLRD
Case #46: HKEWCBFZGSXOQYMVATNIUJPLRD
Case #47: HKEWCBFZGSXOQYMVATNIJUPLRD
Case #48: HKEWCBFZGSXOQYMVATNIUJPLRD
Case #49: HKEWCBFZGSXOQYMVATNIUJPRLD
Case #50: HKEWCBFZGSXOQYMVATNIUJPLRD
Case #51: HKEWCBFZGSXOQYMVATNIUPJLRD
Case #52: HKEWCBFZGSXOQYMVATNIUJPLRD
Case #53: HKEWCBFZGSXOQYMVATNIUJPLRD
Case #54: HKEWCBFZGSXOQYMVATNIUJPLRD
Case #55: HKEWCBFZGSXOQYMVATNIUJPLRD
Case #56: HKEWCBFZGSXOQYMVATNIUJPLRD
Case #57: HKEWCBFZGSXOQYMVATNIUJPLRD
Case #58: HKEWCBFZGSXOQYMVATNIUJPLRD
Case #59: HKEWCBFZGSXOQYMVATNIUJPLRD
Case #60: HKEWCBFZGSXQOYMVATNIUJPLRD
Case #61: HKEWCBFZGSXOQYMVANTIUJPLRD
Case #62: HKEWCBFZGSXOQYMVATNIUJPLRD
Case #63: HKEWCBFZGSXOQYMVATNIUJPLRD
Case #64: HKEWCBFZGSXOQYMVATNIUJPLRD
Case #65: HKEWCBFZGSXOQYMVATNIJUPLRD
Case #66: HKEWCBFZGSXOQYMVATNIUJLPRD
Case #67: HKEWCBFZGSXOQYMVATNIUJPLRD
Case #68: HKEWCBFZGSXOQYMVATNIUJPLRD
Case #69: HKEWCBFZGSXOQYMVATNIUJPLRD
Case #70: HKEWCBFZGSXOQYMVATNIUJPLRD
Case #71: HKEWCBFZGSXOQYMVATNIUJPLRD
Case #72: HKEWCBFZGSXOQYMVATNIUJPLRD
Case #73: HKEWCBFZGSXOQYMVATNIUJPLRD
Case #74: HKEWCBFZGSXOQYMVATNIUJPLRD
Case #75: HKEWCBFZGSXOQYMVATNIUPJLRD
Case #76: HKEWCBFZGSXOQYMVATNIUJPLRD
Case #77: HKEWCBFZGSXOQYMVATNIUJPLRD
Case #78: HKEWCBFZGSXOQYMVATNIUJPLRD
Case #79: HKEWCBFZGSXOQYMVATNIUJPLRD
Case #80: HKEWCBFZGSXOQYMVATNIUJPLRD
Case #81: HKEWCBFZGSXOQYMVATNIUJPLRD
Case #82: HKEWCBFZGSXOQYMVATNIUJPLRD
Case #83: HKEWCBFZSGXOQYMVATNIUJPLRD
Case #84: HKEWCBFZGSXOQYMVATNIUJPLRD
Case #85: IMPOSSIBLE
Case #86: HKEWCBFZGSXOQYMVATNIUJPLRD
Case #87: HKEWCBFZGSXOQYMVATNIUJPLRD
Case #88: HKEWCBFZGSXOQYMVATNIUJPLRD
Case #89: HKEWCBFZGSXQOYMVATNIUJPLRD
Case #90: HKEWCBFZGSXOQYMVATNIUJPLRD
Case #91: HKEWCBFZGSXOQYMVATNIUJPLRD
Case #92: HKEWCBFZGSXOQYMVATNIUJPLRD
Case #93: HKEWCBFZGSXOQYMVATNIUJPLRD
Case #94: HKEWCBFZGSXOQYMVATNIUJPLRD
Case #95: HKEWCBFZGSXOQYMVATNIUJPLRD
Case #96: HKEWCBFZGSXOQYMVATNIUJPLRD
Case #97: HKEWCBFZGSXOQYMVATNIUJPLRD
Case #98: HKEWCBFZGSXOQYMVATNIUJPLRD
Case #99: HKEWCBFZGSXOQYMVATNIUJPLRD
Case #100: HKEWCBFZGSXOQYMVATNIUJPLRD
